Update Managed Component C1 From CMP-2006-02792-2[0.1uF, 50V, 0603, X7R] To CMP-2006-02792-2[GRM188R60J106ME47D] in Power_Ctrl_Board_SCH.SchDoc
Update Managed Component C2 From CMP-2006-02792-2[1uF, 50V, 0603, X7R] To CMP-2006-02792-2[GRM188R60J106ME47D] in Power_Ctrl_Board_SCH.SchDoc
Update Managed Component C3 From CMP-2006-02792-2[0.1uF, 50V, 0603, X7R] To CMP-2006-02792-2[GRM188R60J106ME47D] in Power_Ctrl_Board_SCH.SchDoc
Update Managed Component C4 From CMP-2007-03243-2[4.7uF, 50V, 0805, X5R] To CMP-2007-03243-2[C0805C106K8PACTU] in Power_Ctrl_Board_SCH.SchDoc
Update Managed Component C5 From CMP-2006-02792-2[0.1uF, 50V, 0603, X7R] To CMP-2006-02792-2[GRM188R60J106ME47D] in Power_Ctrl_Board_SCH.SchDoc
Update Managed Component C6 From CMP-2000-05468-1[22uF, 10V, 1206, X7R] To CMP-2000-05468-1[1206GC102KAT1A] in Power_Ctrl_Board_SCH.SchDoc
Update Managed Component C7 From CMP-2000-05468-1[22uF, 10V, 1206, X7R] To CMP-2000-05468-1[1206GC102KAT1A] in Power_Ctrl_Board_SCH.SchDoc
Update Managed Component C8 From CMP-2007-03243-2[4.7uF, 50V, 0805, X5R] To CMP-2007-03243-2[C0805C106K8PACTU] in Power_Ctrl_Board_SCH.SchDoc
Update Managed Component C9 From CMP-2006-02792-2[0.1uF, 50V, 0603, X7R] To CMP-2006-02792-2[GRM188R60J106ME47D] in Power_Ctrl_Board_SCH.SchDoc
Update Managed Component C10 From CMP-2006-02792-2[0.1uF, 50V, 0603, X7R] To CMP-2006-02792-2[GRM188R60J106ME47D] in Power_Ctrl_Board_SCH.SchDoc
Update Managed Component C11 From CMP-2006-02792-2[0.1uF, 50V, 0603, X7R] To CMP-2006-02792-2[GRM188R60J106ME47D] in Power_Ctrl_Board_SCH.SchDoc
Update Managed Component C12 From CMP-2006-02792-2[20pF, 50V, 0603, C0G/NPO] To CMP-2006-02792-2[GRM188R60J106ME47D] in Power_Ctrl_Board_SCH.SchDoc
Update Managed Component C13 From CMP-2006-02792-2[20pF, 50V, 0603, C0G/NPO] To CMP-2006-02792-2[GRM188R60J106ME47D] in Power_Ctrl_Board_SCH.SchDoc
Update Managed Component C14 From CMP-2007-03243-2[4.7uF, 50V, 0805, X5R] To CMP-2007-03243-2[C0805C106K8PACTU] in Power_Ctrl_Board_SCH.SchDoc
Update Managed Component C15 From CMP-2006-02792-2[0.1uF, 50V, 0603, X7R] To CMP-2006-02792-2[GRM188R60J106ME47D] in Power_Ctrl_Board_SCH.SchDoc
Update Managed Component C16 From CMP-2006-02792-2[0.1uF, 50V, 0603, X7R] To CMP-2006-02792-2[GRM188R60J106ME47D] in Power_Ctrl_Board_SCH.SchDoc
Update Managed Component C17 From CMP-2006-02792-2[1uF, 50V, 0603, X7R] To CMP-2006-02792-2[GRM188R60J106ME47D] in Power_Ctrl_Board_SCH.SchDoc
Update Managed Component C18 From CMP-2000-05468-1[10uF, 50V, 1206, X7R] To CMP-2000-05468-1[1206GC102KAT1A] in Power_Ctrl_Board_SCH.SchDoc
Update Managed Component C19 From CMP-2006-02792-2[0.1uF, 50V, 0603, X7R] To CMP-2006-02792-2[GRM188R60J106ME47D] in Power_Ctrl_Board_SCH.SchDoc
Update Managed Component C20 From CMP-2006-02792-2[0.1uF, 50V, 0603, X7R] To CMP-2006-02792-2[GRM188R60J106ME47D] in Power_Ctrl_Board_SCH.SchDoc
Update Managed Component C21 From CMP-2006-02792-2[0.1uF, 50V, 0603, X7R] To CMP-2006-02792-2[GRM188R60J106ME47D] in Power_Ctrl_Board_SCH.SchDoc
Update Managed Component C22 From CMP-2006-02792-2[1uF, 50V, 0603, X7R] To CMP-2006-02792-2[GRM188R60J106ME47D] in Power_Ctrl_Board_SCH.SchDoc
Update Managed Component C23 From CMP-2006-02792-2[10nF, 50V, 0603, X7R] To CMP-2006-02792-2[GRM188R60J106ME47D] in Power_Ctrl_Board_SCH.SchDoc
Update Managed Component C24 From CMP-2000-05468-1[10uF, 50V, 1206, X7R] To CMP-2000-05468-1[1206GC102KAT1A] in Power_Ctrl_Board_SCH.SchDoc
Update Managed Component C25 From CMP-2000-05468-1[10uF, 50V, 1206, X7R] To CMP-2000-05468-1[1206GC102KAT1A] in Power_Ctrl_Board_SCH.SchDoc
Update Managed Component C26 From CMP-2006-02792-2[1000pF, 50V, 0603, X7R] To CMP-2006-02792-2[GRM188R60J106ME47D] in Power_Ctrl_Board_SCH.SchDoc
Update Managed Component C27 From CMP-2000-05468-1[10uF, 50V, 1206, X7R] To CMP-2000-05468-1[1206GC102KAT1A] in Power_Ctrl_Board_SCH.SchDoc
Update Managed Component C28 From CMP-2006-02792-2[1000pF, 50V, 0603, X7R] To CMP-2006-02792-2[GRM188R60J106ME47D] in Power_Ctrl_Board_SCH.SchDoc
Update Managed Component C29 From CMP-2006-02792-2[1uF, 50V, 0603, X7R] To CMP-2006-02792-2[GRM188R60J106ME47D] in Power_Ctrl_Board_SCH.SchDoc
Update Managed Component C30 From CMP-2006-02792-2[0.1uF, 50V, 0603, X7R] To CMP-2006-02792-2[GRM188R60J106ME47D] in Power_Ctrl_Board_SCH.SchDoc
Update Managed Component D1 From CMP-22017-000008-1[L29K-G2J1-24-Z] To CMP-22017-000008-1[LTST-C191TBKT] in Power_Ctrl_Board_SCH.SchDoc
Update Managed Component D2 From CMP-1055-00425-2[MBR0520LT1G] To CMP-1055-00425-2[MBR0520LT1G] in Power_Ctrl_Board_SCH.SchDoc
Update Managed Component D3 From CMP-22017-000008-1[L29K-G2J1-24-Z] To CMP-22017-000008-1[LTST-C191TBKT] in Power_Ctrl_Board_SCH.SchDoc
Update Managed Component D4 From CMP-22017-000008-1[L29K-G2J1-24-Z] To CMP-22017-000008-1[LTST-C191TBKT] in Power_Ctrl_Board_SCH.SchDoc
Update Managed Component D5 From CMP-22017-000008-1[L29K-G2J1-24-Z] To CMP-22017-000008-1[LTST-C191TBKT] in Power_Ctrl_Board_SCH.SchDoc
Update Managed Component D6 From CMP-22017-000008-1[L29K-G2J1-24-Z] To CMP-22017-000008-1[LTST-C191TBKT] in Power_Ctrl_Board_SCH.SchDoc
Update Managed Component D7 From CMP-2000-06906-1[RBR5LAM40ATR] To CMP-2000-06906-1[PMEG3030EP,115] in Power_Ctrl_Board_SCH.SchDoc
Update Managed Component D8 From CMP-22017-000008-1[L29K-G2J1-24-Z] To CMP-22017-000008-1[LTST-C191TBKT] in Power_Ctrl_Board_SCH.SchDoc
Update Managed Component D9 From CMP-1055-00425-2[MBR0520LT1G] To CMP-1055-00425-2[MBR0520LT1G] in Power_Ctrl_Board_SCH.SchDoc
Update Managed Component D10 From CMP-08607-000027-1[TPSMB33CA] To CMP-08607-000027-1[SMAJ12CA] in Power_Ctrl_Board_SCH.SchDoc
Update Managed Component D11 From CMP-1060-00279-1[MMSZ5228BT1G] To CMP-1060-00279-1[MMSZ18T1G] in Power_Ctrl_Board_SCH.SchDoc
Update Managed Component D12 From CMP-22017-000008-1[L29K-G2J1-24-Z] To CMP-22017-000008-1[LTST-C191TBKT] in Power_Ctrl_Board_SCH.SchDoc
Update Managed Component D13 From CMP-1055-00425-2[MBR0520LT1G] To CMP-1055-00425-2[MBR0520LT1G] in Power_Ctrl_Board_SCH.SchDoc
Update Managed Component D14 From CMP-22017-000008-1[L29K-G2J1-24-Z] To CMP-22017-000008-1[LTST-C191TBKT] in Power_Ctrl_Board_SCH.SchDoc
Update Managed Component D15 From CMP-22017-000008-1[L29K-G2J1-24-Z] To CMP-22017-000008-1[LTST-C191TBKT] in Power_Ctrl_Board_SCH.SchDoc
Update Managed Component D16 From CMP-22017-000008-1[L29K-G2J1-24-Z] To CMP-22017-000008-1[LTST-C191TBKT] in Power_Ctrl_Board_SCH.SchDoc
Update Managed Component D17 From CMP-1055-00425-2[MBR0520LT1G] To CMP-1055-00425-2[MBR0520LT1G] in Power_Ctrl_Board_SCH.SchDoc
Update Managed Component D18 From CMP-22017-000008-1[L29K-G2J1-24-Z] To CMP-22017-000008-1[LTST-C191TBKT] in Power_Ctrl_Board_SCH.SchDoc
Update Managed Component D19 From CMP-1055-00425-2[MBR0520LT1G] To CMP-1055-00425-2[MBR0520LT1G] in Power_Ctrl_Board_SCH.SchDoc
Update Managed Component D20 From CMP-22017-000008-1[L29K-G2J1-24-Z] To CMP-22017-000008-1[LTST-C191TBKT] in Power_Ctrl_Board_SCH.SchDoc
Update Managed Component D21 From CMP-1055-00425-2[MBR0520LT1G] To CMP-1055-00425-2[MBR0520LT1G] in Power_Ctrl_Board_SCH.SchDoc
Update Managed Component D24 From CMP-2000-04932-2[1N4148W-7-F] To CMP-2000-04932-2[1N4148W-7-F] in Power_Ctrl_Board_SCH.SchDoc
Update Managed Component D25 From CMP-2000-04932-2[1N4148W-7-F] To CMP-2000-04932-2[1N4148W-7-F] in Power_Ctrl_Board_SCH.SchDoc
Update Managed Component D26 From CMP-2000-04932-2[1N4148W-7-F] To CMP-2000-04932-2[1N4148W-7-F] in Power_Ctrl_Board_SCH.SchDoc
Update Managed Component D27 From CMP-2000-04932-2[1N4148W-7-F] To CMP-2000-04932-2[1N4148W-7-F] in Power_Ctrl_Board_SCH.SchDoc
Update Managed Component D28 From CMP-2000-04932-2[1N4148W-7-F] To CMP-2000-04932-2[1N4148W-7-F] in Power_Ctrl_Board_SCH.SchDoc
Update Managed Component D31 From CMP-2000-04932-2[1N4148W-7-F] To CMP-2000-04932-2[1N4148W-7-F] in Power_Ctrl_Board_SCH.SchDoc
Update Managed Component D32 From CMP-2000-04932-2[1N4148W-7-F] To CMP-2000-04932-2[1N4148W-7-F] in Power_Ctrl_Board_SCH.SchDoc
Update Managed Component D33 From CMP-2000-04932-2[1N4148W-7-F] To CMP-2000-04932-2[1N4148W-7-F] in Power_Ctrl_Board_SCH.SchDoc
Update Managed Component D34 From CMP-2000-04932-2[1N4148W-7-F] To CMP-2000-04932-2[1N4148W-7-F] in Power_Ctrl_Board_SCH.SchDoc
Update Managed Component D37 From CMP-2000-04932-2[1N4148W-7-F] To CMP-2000-04932-2[1N4148W-7-F] in Power_Ctrl_Board_SCH.SchDoc
Update Managed Component F1 From CMP-2000-05631-1[0451.500MRL] To CMP-2000-05631-1[0451.500MRL] in Power_Ctrl_Board_SCH.SchDoc
Replace Part J 1-1586038-2 in C:\Users\Public\Documents\Altium\Projects\Power_Ctrl_Board\Power_Ctrl_Board_SCH.SchDoc with 1-1586038-2 from 1-1586038-2.IntLib
Replace Part J2 1-1586038-2 in C:\Users\Public\Documents\Altium\Projects\Power_Ctrl_Board\Power_Ctrl_Board_SCH.SchDoc with 1-1586038-2 from 1-1586038-2.IntLib
Update Managed Component J3 From CMP-1684-00017-1[282836-2] To CMP-1684-00017-1[282836-2] in Power_Ctrl_Board_SCH.SchDoc
Replace Part J? 86094327113748ELF in C:\Users\Public\Documents\Altium\Projects\Power_Ctrl_Board\Power_Ctrl_Board_SCH.SchDoc with 86094327113748ELF from SamacSys.SchLib
Update Managed Component K1 From CMP-03395-000121-1[T9AS1D22-12] To CMP-03395-000121-1[T9AS1D22-12] in Power_Ctrl_Board_SCH.SchDoc
Update Managed Component K2 From CMP-03395-000121-1[T9AS1D22-12] To CMP-03395-000121-1[T9AS1D22-12] in Power_Ctrl_Board_SCH.SchDoc
Update Managed Component K3 From CMP-03395-000121-1[T9AS1D22-12] To CMP-03395-000121-1[T9AS1D22-12] in Power_Ctrl_Board_SCH.SchDoc
Update Managed Component K4 From CMP-03395-000121-1[T9AS1D22-12] To CMP-03395-000121-1[T9AS1D22-12] in Power_Ctrl_Board_SCH.SchDoc
Update Managed Component K5 From CMP-03395-000121-1[T9AS1D22-12] To CMP-03395-000121-1[T9AS1D22-12] in Power_Ctrl_Board_SCH.SchDoc
Update Managed Component K6 From CMP-03395-000121-1[T9AS1D22-12] To CMP-03395-000121-1[T9AS1D22-12] in Power_Ctrl_Board_SCH.SchDoc
Update Managed Component L1 From CMP-14484-000032-1[NRS5030T100MMGJ] To CMP-14484-000032-1[NRS5030T150MMGJ] in Power_Ctrl_Board_SCH.SchDoc
Update Managed Component L2 From CMP-0220-00185-1[MMZ1608B102CTA00] To CMP-0220-00185-1[742792601] in Power_Ctrl_Board_SCH.SchDoc
Update Managed Component L3 From CMP-0220-00185-1[MMZ1608B102CTA00] To CMP-0220-00185-1[742792601] in Power_Ctrl_Board_SCH.SchDoc
Update Managed Component P1 From CMP-1502-00948-1[62201021121] To CMP-1502-00948-1[62201021121] in Power_Ctrl_Board_SCH.SchDoc
Update Managed Component P2 From CMP-1502-01070-1[61300611121] To CMP-1502-01070-1[61300611121] in Power_Ctrl_Board_SCH.SchDoc
Update Managed Component Q1 From CMP-2000-04931-2[MMBT3904-7-F] To CMP-2000-04931-2[MMBT3904-7-F] in Power_Ctrl_Board_SCH.SchDoc
Update Managed Component Q2 From CMP-2000-04931-2[MMBT3904-7-F] To CMP-2000-04931-2[MMBT3904-7-F] in Power_Ctrl_Board_SCH.SchDoc
Update Managed Component R1 From CMP-1012-00623-3[4.7k, 5%, 0603, 1/10W] To CMP-1012-00623-3[ERJ3EKF1002V] in Power_Ctrl_Board_SCH.SchDoc
Update Managed Component R2 From CMP-1012-00623-3[4.7k, 5%, 0603, 1/10W] To CMP-1012-00623-3[ERJ3EKF1002V] in Power_Ctrl_Board_SCH.SchDoc
Update Managed Component R3 From CMP-1012-00623-3[4.7k, 5%, 0603, 1/10W] To CMP-1012-00623-3[ERJ3EKF1002V] in Power_Ctrl_Board_SCH.SchDoc
Update Managed Component R4 From CMP-1012-00623-3[4.7k, 5%, 0603, 1/10W] To CMP-1012-00623-3[ERJ3EKF1002V] in Power_Ctrl_Board_SCH.SchDoc
Update Managed Component R5 From CMP-1012-00623-3[4.7k, 5%, 0603, 1/10W] To CMP-1012-00623-3[ERJ3EKF1002V] in Power_Ctrl_Board_SCH.SchDoc
Update Managed Component R6 From CMP-1012-00623-3[4.7k, 5%, 0603, 1/10W] To CMP-1012-00623-3[ERJ3EKF1002V] in Power_Ctrl_Board_SCH.SchDoc
Update Managed Component R7 From CMP-2001-04896-1[0, ?, 0805, 1/8W] To CMP-2001-04896-1[CRCW08050000Z0EA] in Power_Ctrl_Board_SCH.SchDoc
Update Managed Component R8 From CMP-1012-00623-3[4.7k, 5%, 0603, 1/10W] To CMP-1012-00623-3[ERJ3EKF1002V] in Power_Ctrl_Board_SCH.SchDoc
Update Managed Component R9 From CMP-1012-00623-3[4.7k, 5%, 0603, 1/10W] To CMP-1012-00623-3[ERJ3EKF1002V] in Power_Ctrl_Board_SCH.SchDoc
Update Managed Component R10 From CMP-1012-00623-3[4.7k, 5%, 0603, 1/10W] To CMP-1012-00623-3[ERJ3EKF1002V] in Power_Ctrl_Board_SCH.SchDoc
Update Managed Component R11 From CMP-1012-00623-3[4.7k, 5%, 0603, 1/10W] To CMP-1012-00623-3[ERJ3EKF1002V] in Power_Ctrl_Board_SCH.SchDoc
Update Managed Component R12 From CMP-1012-00623-3[4.7k, 5%, 0603, 1/10W] To CMP-1012-00623-3[ERJ3EKF1002V] in Power_Ctrl_Board_SCH.SchDoc
Update Managed Component R13 From CMP-1012-00623-3[4.7k, 5%, 0603, 1/10W] To CMP-1012-00623-3[ERJ3EKF1002V] in Power_Ctrl_Board_SCH.SchDoc
Update Managed Component R14 From CMP-1012-00623-3[4.7k, 5%, 0603, 1/10W] To CMP-1012-00623-3[ERJ3EKF1002V] in Power_Ctrl_Board_SCH.SchDoc
Update Managed Component R15 From CMP-1012-00623-3[4.7k, 5%, 0603, 1/10W] To CMP-1012-00623-3[ERJ3EKF1002V] in Power_Ctrl_Board_SCH.SchDoc
Update Managed Component R16 From CMP-1012-00623-3[4.7k, 5%, 0603, 1/10W] To CMP-1012-00623-3[ERJ3EKF1002V] in Power_Ctrl_Board_SCH.SchDoc
Update Managed Component R17 From CMP-2100-03681-2[220k, 1%, 1206, 1/4W] To CMP-2100-03681-2[RC1206JR-070RL] in Power_Ctrl_Board_SCH.SchDoc
Update Managed Component R18 From CMP-2001-04896-1[1k, 5%, 0805, 1/8W] To CMP-2001-04896-1[CRCW08050000Z0EA] in Power_Ctrl_Board_SCH.SchDoc
Update Managed Component R19 From CMP-1012-00623-3[4.7k, 5%, 0603, 1/10W] To CMP-1012-00623-3[ERJ3EKF1002V] in Power_Ctrl_Board_SCH.SchDoc
Update Managed Component R20 From CMP-2100-03681-2[220k, 1%, 1206, 1/4W] To CMP-2100-03681-2[RC1206JR-070RL] in Power_Ctrl_Board_SCH.SchDoc
Update Managed Component R21 From CMP-2100-03681-2[22k, 1%, 1206, 1/4W] To CMP-2100-03681-2[RC1206JR-070RL] in Power_Ctrl_Board_SCH.SchDoc
Update Managed Component R23 From CMP-2100-03681-2[220k, 1%, 1206, 1/4W] To CMP-2100-03681-2[RC1206JR-070RL] in Power_Ctrl_Board_SCH.SchDoc
Update Managed Component R24 From CMP-2001-04896-1[1k, 5%, 0805, 1/8W] To CMP-2001-04896-1[CRCW08050000Z0EA] in Power_Ctrl_Board_SCH.SchDoc
Update Managed Component R25 From CMP-1012-00623-3[4.7k, 5%, 0603, 1/10W] To CMP-1012-00623-3[ERJ3EKF1002V] in Power_Ctrl_Board_SCH.SchDoc
Update Managed Component R26 From CMP-2100-03681-2[220k, 1%, 1206, 1/4W] To CMP-2100-03681-2[RC1206JR-070RL] in Power_Ctrl_Board_SCH.SchDoc
Update Managed Component R27 From CMP-2100-03681-2[22k, 1%, 1206, 1/4W] To CMP-2100-03681-2[RC1206JR-070RL] in Power_Ctrl_Board_SCH.SchDoc
Update Managed Component R29 From CMP-1012-00623-3[4.7k, 5%, 0603, 1/10W] To CMP-1012-00623-3[ERJ3EKF1002V] in Power_Ctrl_Board_SCH.SchDoc
Replace Part S OS102011MS2QN1 in C:\Users\Public\Documents\Altium\Projects\Power_Ctrl_Board\Power_Ctrl_Board_SCH.SchDoc with OS102011MS2QN1 from OS102011MS2QN1.IntLib
Replace Part S1 3-1437566-8 in C:\Users\Public\Documents\Altium\Projects\Power_Ctrl_Board\Power_Ctrl_Board_SCH.SchDoc with 3-1437566-8 from 3-1437566-8.IntLib
Replace Part S2 3-1437566-8 in C:\Users\Public\Documents\Altium\Projects\Power_Ctrl_Board\Power_Ctrl_Board_SCH.SchDoc with 3-1437566-8 from 3-1437566-8.IntLib
Update Managed Component U1 From CMP-04872-000011-1[ISO1540DR] To CMP-04872-000011-1[ISO1540DR] in Power_Ctrl_Board_SCH.SchDoc
Update Managed Component U2 From CMP-12757-000006-1[AP63203WU-7] To CMP-12757-000006-1[AP63203WU-7] in Power_Ctrl_Board_SCH.SchDoc
Update Managed Component U3 From CMP-2000-04952-1[ULN2003AD] To CMP-2000-04952-1[ULN2003AD] in Power_Ctrl_Board_SCH.SchDoc
Update Managed Component U4 From CMP-0537-00067-1[STM32F334C4T6] To CMP-0537-00067-1[STM32F334C4T6] in Power_Ctrl_Board_SCH.SchDoc
Replace Part U5 4N35SM in C:\Users\Public\Documents\Altium\Projects\Power_Ctrl_Board\Power_Ctrl_Board_SCH.SchDoc with 4N35SM from 4N35SM.IntLib
Replace Part U6 4N35SM in C:\Users\Public\Documents\Altium\Projects\Power_Ctrl_Board\Power_Ctrl_Board_SCH.SchDoc with 4N35SM from 4N35SM.IntLib
Replace Part U20 Buck_Module in C:\Users\Public\Documents\Altium\Projects\Power_Ctrl_Board\Power_Ctrl_Board_SCH.SchDoc with Buck_Module from Buck_Module_v2.SchLib
Update Managed Component X1 From CMP-0277-00002-1[J49SMH-A-G-G-K-8M0] To CMP-0277-00002-1[ABLS2-4.096MHZ-D4Y-T] in Power_Ctrl_Board_SCH.SchDoc
