Change Physical Footprint: Designator=C1 Old Footprint=FP-GRM188-0_1-e0_2_0_55-IPC_A New Footprint=FP-GRM188-0_1-e0_2_0_55-IPC_A
Change Physical Footprint: Designator=C2 Old Footprint=FP-GRM188-0_1-e0_2_0_55-IPC_A New Footprint=FP-GRM188-0_1-e0_2_0_55-IPC_A
Change Physical Footprint: Designator=C3 Old Footprint=FP-GRM188-0_1-e0_2_0_55-IPC_A New Footprint=FP-GRM188-0_1-e0_2_0_55-IPC_A
Change Physical Footprint: Designator=C4 Old Footprint=FP-C0805C-DG-MFG New Footprint=FP-C0805C-DG-MFG
Change Physical Footprint: Designator=C5 Old Footprint=FP-GRM188-0_1-e0_2_0_55-IPC_A New Footprint=FP-GRM188-0_1-e0_2_0_55-IPC_A
Change Physical Footprint: Designator=C6 Old Footprint=AVX-1206-2_L New Footprint=AVX-1206-2_L
Change Physical Footprint: Designator=C7 Old Footprint=AVX-1206-2_L New Footprint=AVX-1206-2_L
Change Physical Footprint: Designator=C8 Old Footprint=FP-C0805C-DG-MFG New Footprint=FP-C0805C-DG-MFG
Change Physical Footprint: Designator=C9 Old Footprint=FP-GRM188-0_1-e0_2_0_55-IPC_A New Footprint=FP-GRM188-0_1-e0_2_0_55-IPC_A
Change Physical Footprint: Designator=C10 Old Footprint=FP-GRM188-0_1-e0_2_0_55-IPC_A New Footprint=FP-GRM188-0_1-e0_2_0_55-IPC_A
Change Physical Footprint: Designator=C11 Old Footprint=FP-GRM188-0_1-e0_2_0_55-IPC_A New Footprint=FP-GRM188-0_1-e0_2_0_55-IPC_A
Change Physical Footprint: Designator=C12 Old Footprint=FP-GRM188-0_1-e0_2_0_55-IPC_A New Footprint=FP-GRM188-0_1-e0_2_0_55-IPC_A
Change Physical Footprint: Designator=C13 Old Footprint=FP-GRM188-0_1-e0_2_0_55-IPC_A New Footprint=FP-GRM188-0_1-e0_2_0_55-IPC_A
Change Physical Footprint: Designator=C14 Old Footprint=FP-C0805C-DG-MFG New Footprint=FP-C0805C-DG-MFG
Change Physical Footprint: Designator=C15 Old Footprint=FP-GRM188-0_1-e0_2_0_55-IPC_A New Footprint=FP-GRM188-0_1-e0_2_0_55-IPC_A
Change Physical Footprint: Designator=C16 Old Footprint=FP-GRM188-0_1-e0_2_0_55-IPC_A New Footprint=FP-GRM188-0_1-e0_2_0_55-IPC_A
Change Physical Footprint: Designator=C17 Old Footprint=FP-GRM188-0_1-e0_2_0_55-IPC_A New Footprint=FP-GRM188-0_1-e0_2_0_55-IPC_A
Change Physical Footprint: Designator=C18 Old Footprint=AVX-1206-2_L New Footprint=AVX-1206-2_L
Change Physical Footprint: Designator=C19 Old Footprint=FP-GRM188-0_1-e0_2_0_55-IPC_A New Footprint=FP-GRM188-0_1-e0_2_0_55-IPC_A
Change Physical Footprint: Designator=C20 Old Footprint=FP-GRM188-0_1-e0_2_0_55-IPC_A New Footprint=FP-GRM188-0_1-e0_2_0_55-IPC_A
Change Physical Footprint: Designator=C21 Old Footprint=FP-GRM188-0_1-e0_2_0_55-IPC_A New Footprint=FP-GRM188-0_1-e0_2_0_55-IPC_A
Change Physical Footprint: Designator=C22 Old Footprint=FP-GRM188-0_1-e0_2_0_55-IPC_A New Footprint=FP-GRM188-0_1-e0_2_0_55-IPC_A
Change Physical Footprint: Designator=C23 Old Footprint=FP-GRM188-0_1-e0_2_0_55-IPC_A New Footprint=FP-GRM188-0_1-e0_2_0_55-IPC_A
Change Physical Footprint: Designator=C24 Old Footprint=AVX-1206-2_L New Footprint=AVX-1206-2_L
Change Physical Footprint: Designator=C25 Old Footprint=AVX-1206-2_L New Footprint=AVX-1206-2_L
Change Physical Footprint: Designator=C26 Old Footprint=FP-GRM188-0_1-e0_2_0_55-IPC_A New Footprint=FP-GRM188-0_1-e0_2_0_55-IPC_A
Change Physical Footprint: Designator=C27 Old Footprint=AVX-1206-2_L New Footprint=AVX-1206-2_L
Change Physical Footprint: Designator=C28 Old Footprint=FP-GRM188-0_1-e0_2_0_55-IPC_A New Footprint=FP-GRM188-0_1-e0_2_0_55-IPC_A
Change Physical Footprint: Designator=C29 Old Footprint=FP-GRM188-0_1-e0_2_0_55-IPC_A New Footprint=FP-GRM188-0_1-e0_2_0_55-IPC_A
Change Physical Footprint: Designator=C30 Old Footprint=FP-GRM188-0_1-e0_2_0_55-IPC_A New Footprint=FP-GRM188-0_1-e0_2_0_55-IPC_A
Change Physical Footprint: Designator=D1 Old Footprint=FP-LTST-C191TBKT-MFG New Footprint=FP-LTST-C191TBKT-MFG
Change Physical Footprint: Designator=D2 Old Footprint=FP-425-04-IPC_C New Footprint=FP-425-04-IPC_C
Change Physical Footprint: Designator=D3 Old Footprint=FP-LTST-C191TBKT-MFG New Footprint=FP-LTST-C191TBKT-MFG
Change Physical Footprint: Designator=D4 Old Footprint=FP-LTST-C191TBKT-MFG New Footprint=FP-LTST-C191TBKT-MFG
Change Physical Footprint: Designator=D5 Old Footprint=FP-LTST-C191TBKT-MFG New Footprint=FP-LTST-C191TBKT-MFG
Change Physical Footprint: Designator=D6 Old Footprint=FP-LTST-C191TBKT-MFG New Footprint=FP-LTST-C191TBKT-MFG
Change Physical Footprint: Designator=D7 Old Footprint=NXP-SOD128_V New Footprint=NXP-SOD128_V
Change Physical Footprint: Designator=D8 Old Footprint=FP-LTST-C191TBKT-MFG New Footprint=FP-LTST-C191TBKT-MFG
Change Physical Footprint: Designator=D9 Old Footprint=FP-425-04-IPC_C New Footprint=FP-425-04-IPC_C
Change Physical Footprint: Designator=D10 Old Footprint=FP-SMAJ-CA-MFG New Footprint=FP-SMAJ-CA-MFG
Change Physical Footprint: Designator=D11 Old Footprint=ONSC-SOD-123-2-425-04_V New Footprint=ONSC-SOD-123-2-425-04_V
Change Physical Footprint: Designator=D12 Old Footprint=FP-LTST-C191TBKT-MFG New Footprint=FP-LTST-C191TBKT-MFG
Change Physical Footprint: Designator=D13 Old Footprint=FP-425-04-IPC_C New Footprint=FP-425-04-IPC_C
Change Physical Footprint: Designator=D14 Old Footprint=FP-LTST-C191TBKT-MFG New Footprint=FP-LTST-C191TBKT-MFG
Change Physical Footprint: Designator=D15 Old Footprint=FP-LTST-C191TBKT-MFG New Footprint=FP-LTST-C191TBKT-MFG
Change Physical Footprint: Designator=D16 Old Footprint=FP-LTST-C191TBKT-MFG New Footprint=FP-LTST-C191TBKT-MFG
Change Physical Footprint: Designator=D17 Old Footprint=FP-425-04-IPC_C New Footprint=FP-425-04-IPC_C
Change Physical Footprint: Designator=D18 Old Footprint=FP-LTST-C191TBKT-MFG New Footprint=FP-LTST-C191TBKT-MFG
Change Physical Footprint: Designator=D19 Old Footprint=FP-425-04-IPC_C New Footprint=FP-425-04-IPC_C
Change Physical Footprint: Designator=D20 Old Footprint=FP-LTST-C191TBKT-MFG New Footprint=FP-LTST-C191TBKT-MFG
Change Physical Footprint: Designator=D21 Old Footprint=FP-425-04-IPC_C New Footprint=FP-425-04-IPC_C
Change Physical Footprint: Designator=D24 Old Footprint=DIOD-SOD123-2_V New Footprint=DIOD-SOD123-2_V
Change Physical Footprint: Designator=D25 Old Footprint=DIOD-SOD123-2_V New Footprint=DIOD-SOD123-2_V
Change Physical Footprint: Designator=D26 Old Footprint=DIOD-SOD123-2_V New Footprint=DIOD-SOD123-2_V
Change Physical Footprint: Designator=D27 Old Footprint=DIOD-SOD123-2_V New Footprint=DIOD-SOD123-2_V
Change Physical Footprint: Designator=D28 Old Footprint=DIOD-SOD123-2_V New Footprint=DIOD-SOD123-2_V
Change Physical Footprint: Designator=D31 Old Footprint=DIOD-SOD123-2_V New Footprint=DIOD-SOD123-2_V
Change Physical Footprint: Designator=D32 Old Footprint=DIOD-SOD123-2_V New Footprint=DIOD-SOD123-2_V
Change Physical Footprint: Designator=D33 Old Footprint=DIOD-SOD123-2_V New Footprint=DIOD-SOD123-2_V
Change Physical Footprint: Designator=D34 Old Footprint=DIOD-SOD123-2_V New Footprint=DIOD-SOD123-2_V
Change Physical Footprint: Designator=D37 Old Footprint=DIOD-SOD123-2_V New Footprint=DIOD-SOD123-2_V
Change Physical Footprint: Designator=F1 Old Footprint=LFUS-45X_V New Footprint=LFUS-45X_V
Change Physical Footprint: Designator=J Old Footprint=TE_1-1586038-2 New Footprint=TE_1-1586038-2
Change Physical Footprint: Designator=J2 Old Footprint=TE_1-1586038-2 New Footprint=TE_1-1586038-2
Change Physical Footprint: Designator=J3 Old Footprint=TECO-282836-2_V New Footprint=TECO-282836-2_V
Change Physical Footprint: Designator=J? Old Footprint=86094327113748ELF New Footprint=86094327113748ELF
Change Physical Footprint: Designator=K1 Old Footprint=FP-T9AS1D22-12-MFG New Footprint=FP-T9AS1D22-12-MFG
Change Physical Footprint: Designator=K2 Old Footprint=FP-T9AS1D22-12-MFG New Footprint=FP-T9AS1D22-12-MFG
Change Physical Footprint: Designator=K3 Old Footprint=FP-T9AS1D22-12-MFG New Footprint=FP-T9AS1D22-12-MFG
Change Physical Footprint: Designator=K4 Old Footprint=FP-T9AS1D22-12-MFG New Footprint=FP-T9AS1D22-12-MFG
Change Physical Footprint: Designator=K5 Old Footprint=FP-T9AS1D22-12-MFG New Footprint=FP-T9AS1D22-12-MFG
Change Physical Footprint: Designator=K6 Old Footprint=FP-T9AS1D22-12-MFG New Footprint=FP-T9AS1D22-12-MFG
Change Physical Footprint: Designator=L1 Old Footprint=FP-NRS5030-H_3_0-MFG New Footprint=FP-NRS5030-H_3_0-MFG
Change Physical Footprint: Designator=L2 Old Footprint=SMD-0603 New Footprint=SMD-0603
Change Physical Footprint: Designator=L3 Old Footprint=SMD-0603 New Footprint=SMD-0603
Change Physical Footprint: Designator=P1 Old Footprint=62201021121 New Footprint=62201021121
Change Physical Footprint: Designator=P2 Old Footprint=61300611121 New Footprint=61300611121
Change Physical Footprint: Designator=Q1 Old Footprint=FP-SOT23-IPC_A New Footprint=FP-SOT23-IPC_A
Change Physical Footprint: Designator=Q2 Old Footprint=FP-SOT23-IPC_A New Footprint=FP-SOT23-IPC_A
Change Physical Footprint: Designator=R1 Old Footprint=RESC1609X55X30LL15T15 New Footprint=RESC1609X55X30LL15T15
Change Physical Footprint: Designator=R2 Old Footprint=RESC1609X55X30LL15T15 New Footprint=RESC1609X55X30LL15T15
Change Physical Footprint: Designator=R3 Old Footprint=RESC1609X55X30LL15T15 New Footprint=RESC1609X55X30LL15T15
Change Physical Footprint: Designator=R4 Old Footprint=RESC1609X55X30LL15T15 New Footprint=RESC1609X55X30LL15T15
Change Physical Footprint: Designator=R5 Old Footprint=RESC1609X55X30LL15T15 New Footprint=RESC1609X55X30LL15T15
Change Physical Footprint: Designator=R6 Old Footprint=RESC1609X55X30LL15T15 New Footprint=RESC1609X55X30LL15T15
Change Physical Footprint: Designator=R7 Old Footprint=RESC2013X50X30LL20T20 New Footprint=RESC2013X50X30LL20T20
Change Physical Footprint: Designator=R8 Old Footprint=RESC1609X55X30LL15T15 New Footprint=RESC1609X55X30LL15T15
Change Physical Footprint: Designator=R9 Old Footprint=RESC1609X55X30LL15T15 New Footprint=RESC1609X55X30LL15T15
Change Physical Footprint: Designator=R10 Old Footprint=RESC1609X55X30LL15T15 New Footprint=RESC1609X55X30LL15T15
Change Physical Footprint: Designator=R11 Old Footprint=RESC1609X55X30LL15T15 New Footprint=RESC1609X55X30LL15T15
Change Physical Footprint: Designator=R12 Old Footprint=RESC1609X55X30LL15T15 New Footprint=RESC1609X55X30LL15T15
Change Physical Footprint: Designator=R13 Old Footprint=RESC1609X55X30LL15T15 New Footprint=RESC1609X55X30LL15T15
Change Physical Footprint: Designator=R14 Old Footprint=RESC1609X55X30LL15T15 New Footprint=RESC1609X55X30LL15T15
Change Physical Footprint: Designator=R15 Old Footprint=RESC1609X55X30LL15T15 New Footprint=RESC1609X55X30LL15T15
Change Physical Footprint: Designator=R16 Old Footprint=RESC1609X55X30LL15T15 New Footprint=RESC1609X55X30LL15T15
Change Physical Footprint: Designator=R17 Old Footprint=FP-RC1206-MFG New Footprint=FP-RC1206-MFG
Change Physical Footprint: Designator=R18 Old Footprint=RESC2013X50X30LL20T20 New Footprint=RESC2013X50X30LL20T20
Change Physical Footprint: Designator=R19 Old Footprint=RESC1609X55X30LL15T15 New Footprint=RESC1609X55X30LL15T15
Change Physical Footprint: Designator=R20 Old Footprint=FP-RC1206-MFG New Footprint=FP-RC1206-MFG
Change Physical Footprint: Designator=R21 Old Footprint=FP-RC1206-MFG New Footprint=FP-RC1206-MFG
Change Physical Footprint: Designator=R23 Old Footprint=FP-RC1206-MFG New Footprint=FP-RC1206-MFG
Change Physical Footprint: Designator=R24 Old Footprint=RESC2013X50X30LL20T20 New Footprint=RESC2013X50X30LL20T20
Change Physical Footprint: Designator=R25 Old Footprint=RESC1609X55X30LL15T15 New Footprint=RESC1609X55X30LL15T15
Change Physical Footprint: Designator=R26 Old Footprint=FP-RC1206-MFG New Footprint=FP-RC1206-MFG
Change Physical Footprint: Designator=R27 Old Footprint=FP-RC1206-MFG New Footprint=FP-RC1206-MFG
Change Physical Footprint: Designator=R29 Old Footprint=RESC1609X55X30LL15T15 New Footprint=RESC1609X55X30LL15T15
Change Physical Footprint: Designator=S Old Footprint=SW_OS102011MS2QN1 New Footprint=SW_OS102011MS2QN1
Change Physical Footprint: Designator=S1 Old Footprint=SW_3-1437566-8 New Footprint=SW_3-1437566-8
Change Physical Footprint: Designator=S2 Old Footprint=SW_3-1437566-8 New Footprint=SW_3-1437566-8
Change Physical Footprint: Designator=U1 Old Footprint=FP-D0008A-MFG New Footprint=FP-D0008A-MFG
Change Physical Footprint: Designator=U2 Old Footprint=FP-TSOT26-MFG New Footprint=FP-TSOT26-MFG
Change Physical Footprint: Designator=U3 Old Footprint=D0016A_M New Footprint=D0016A_M
Change Physical Footprint: Designator=U4 Old Footprint=STM-LQFP48_M New Footprint=STM-LQFP48_M
Change Physical Footprint: Designator=U5 Old Footprint=OPTO_4N35SM New Footprint=OPTO_4N35SM
Change Physical Footprint: Designator=U6 Old Footprint=OPTO_4N35SM New Footprint=OPTO_4N35SM
Change Physical Footprint: Designator=X1 Old Footprint=ABRA-ABLS2-2_V New Footprint=ABRA-ABLS2-2_V
